<?xml version="1.0" encoding="UTF-8"?>
<testsuite xmlns:xsi="http://www.w3.org/2001/XMLSchema-instance" xsi:noNamespaceSchemaLocation="https://maven.apache.org/surefire/maven-surefire-plugin/xsd/surefire-test-report-3.0.xsd" version="3.0" name="org.example.CalculatorTests" time="0.055" tests="4" errors="0" skipped="0" failures="0">
  <properties>
[...]
</properties>
  <testcase name="testMultiplication" classname="org.example.CalculatorTests" time="0.031"/>
  <testcase name="testAddition" classname="org.example.CalculatorTests" time="0.002"/>
  <testcase name="testDivision" classname="org.example.CalculatorTests" time="0.001"/>
  <testcase name="testSubtraction" classname="org.example.CalculatorTests" time="0.001"/>
</testsuite>